INFO:     Started server process [33264]
INFO:     Waiting for application startup.
INFO:     Application startup complete.
INFO:     Uvicorn running on http://0.0.0.0:8000 (Press CTRL+C to quit)
[32m2025-10-11 20:17:36.199[0m | [1mINFO    [0m | [36mrunner.workflow_runner[0m:[36mexecute_workflow[0m:[36m156[0m - [1mæ‰§è¡ŒèŠ‚ç‚¹: ç»„ä»¶è¾“å…¥[0m
[32m2025-10-11 20:17:36.857[0m | [33m[1mWARNING [0m | [36mrunner.component_executor[0m:[36m_run_subprocess[0m:[36m173[0m - [33m[1må­è¿›ç¨‹ stderr:
[32m2025-10-11 20:17:36.806[0m | [32m[1mSUCCESS [0m | [36m__main__[0m:[36msuccess[0m:[36m27[0m - [32m[1mæ‰§è¡Œå®Œæˆ[0m
[0m
[32m2025-10-11 20:17:36.859[0m | [1mINFO    [0m | [36mrunner.workflow_runner[0m:[36mexecute_workflow[0m:[36m156[0m - [1mæ‰§è¡ŒèŠ‚ç‚¹: ç»„ä»¶è¾“å‡º[0m
[32m2025-10-11 20:17:37.522[0m | [33m[1mWARNING [0m | [36mrunner.component_executor[0m:[36m_run_subprocess[0m:[36m173[0m - [33m[1må­è¿›ç¨‹ stderr:
[32m2025-10-11 20:17:37.477[0m | [32m[1mSUCCESS [0m | [36m__main__[0m:[36msuccess[0m:[36m27[0m - [32m[1mæ‰§è¡Œå®Œæˆ[0m
[0m
[32m2025-10-11 20:17:37.523[0m | [1mINFO    [0m | [36mrunner.workflow_runner[0m:[36mexecute_workflow[0m:[36m156[0m - [1mæ‰§è¡ŒèŠ‚ç‚¹: ç»„ä»¶æ„å›¾[0m
[32m2025-10-11 20:17:38.170[0m | [33m[1mWARNING [0m | [36mrunner.component_executor[0m:[36m_run_subprocess[0m:[36m173[0m - [33m[1må­è¿›ç¨‹ stderr:
[32m2025-10-11 20:17:38.121[0m | [32m[1mSUCCESS [0m | [36m__main__[0m:[36msuccess[0m:[36m27[0m - [32m[1mæ‰§è¡Œå®Œæˆ[0m
[0m
[32m2025-10-11 20:17:38.171[0m | [1mINFO    [0m | [36mrunner.workflow_runner[0m:[36mexecute_workflow[0m:[36m156[0m - [1mæ‰§è¡ŒèŠ‚ç‚¹: JSONæ–‡æœ¬åŒ…è£… 1[0m
[32m2025-10-11 20:17:38.770[0m | [33m[1mWARNING [0m | [36mrunner.component_executor[0m:[36m_run_subprocess[0m:[36m173[0m - [33m[1må­è¿›ç¨‹ stderr:
[32m2025-10-11 20:17:38.724[0m | [32m[1mSUCCESS [0m | [36m__main__[0m:[36msuccess[0m:[36m27[0m - [32m[1mæ‰§è¡Œå®Œæˆ[0m
[0m
[32m2025-10-11 20:17:38.773[0m | [1mINFO    [0m | [36mrunner.workflow_runner[0m:[36mexecute_workflow[0m:[36m156[0m - [1mæ‰§è¡ŒèŠ‚ç‚¹: JSONæ–‡æœ¬åŒ…è£… 3[0m
[32m2025-10-11 20:17:39.380[0m | [33m[1mWARNING [0m | [36mrunner.component_executor[0m:[36m_run_subprocess[0m:[36m173[0m - [33m[1må­è¿›ç¨‹ stderr:
[32m2025-10-11 20:17:39.333[0m | [32m[1mSUCCESS [0m | [36m__main__[0m:[36msuccess[0m:[36m27[0m - [32m[1mæ‰§è¡Œå®Œæˆ[0m
[0m
[32m2025-10-11 20:17:39.382[0m | [1mINFO    [0m | [36mrunner.workflow_runner[0m:[36mexecute_workflow[0m:[36m156[0m - [1mæ‰§è¡ŒèŠ‚ç‚¹: JSONæ–‡æœ¬åŒ…è£…[0m
[32m2025-10-11 20:17:40.025[0m | [33m[1mWARNING [0m | [36mrunner.component_executor[0m:[36m_run_subprocess[0m:[36m173[0m - [33m[1må­è¿›ç¨‹ stderr:
[32m2025-10-11 20:17:39.972[0m | [32m[1mSUCCESS [0m | [36m__main__[0m:[36msuccess[0m:[36m27[0m - [32m[1mæ‰§è¡Œå®Œæˆ[0m
[0m
[32m2025-10-11 20:17:40.026[0m | [1mINFO    [0m | [36mrunner.workflow_runner[0m:[36mexecute_workflow[0m:[36m156[0m - [1mæ‰§è¡ŒèŠ‚ç‚¹: æç¤ºè¯æ¨¡æ¿ 3[0m
[32m2025-10-11 20:17:40.698[0m | [33m[1mWARNING [0m | [36mrunner.component_executor[0m:[36m_run_subprocess[0m:[36m173[0m - [33m[1må­è¿›ç¨‹ stderr:
[32m2025-10-11 20:17:40.651[0m | [1mINFO    [0m | [36m__main__[0m:[36minfo[0m:[36m26[0m - [1m{'variables': [{'intention': 'æˆ‘çš„éœ€æ±‚æ˜¯å¼€å‘ä¸€ä¸ªé€»è¾‘å›å½’ç»„ä»¶'}, {'input': 'è¾“å…¥æ˜¯ä¸¤ä¸ªcsvï¼Œä¸€ä¸ªæ˜¯featureï¼Œä¸€ä¸ªæ˜¯target'}, {'output': 'è¾“å‡ºæ˜¯targeté¢„æµ‹ç»“æœå’Œæ¨¡å‹'}]}[0m
[32m2025-10-11 20:17:40.651[0m | [1mINFO    [0m | [36m__main__[0m:[36minfo[0m:[36m26[0m - [1m##  ä»»åŠ¡
æ ¹æ®æˆ‘çš„ç»„ä»¶è¾“å…¥ã€è¾“å‡ºã€èŠ‚ç‚¹å‚æ•°å®šä¹‰ä»¥åŠæˆ‘çš„æ ·ä¾‹ä»£ç ã€éœ€æ±‚ç­‰ä¿¡æ¯è‡ªåŠ¨ç”Ÿæˆå®Œæ•´çš„pythonç»„ä»¶ä»£ç 

## ç»„ä»¶è¾“å…¥è¾“å‡ºå‚æ•°å®šä¹‰ä»£ç 
class ArgumentType(str, Enum):
    """å‚æ•°ç±»å‹"""
    TEXT = "æ–‡æœ¬"
    INT = "æ•´æ•°"
    FLOAT = "æµ®ç‚¹æ•°"
    BOOL = "å¸ƒå°”å€¼"
    ARRAY = "åˆ—è¡¨"
    CSV = "csv"
    JSON = "json"
    EXCEL = "excel"
    FILE = "æ–‡ä»¶"
    UPLOAD = "ä¸Šä¼ "
    SKLEARNMODEL = "sklearnæ¨¡å‹"    # æ¨¡å‹ç±»å‹ä¸éœ€è¦ä¿å­˜åˆ°æœ¬åœ°ï¼Œç›´æ¥è¿”å›ååç«¯ä»£ç ä¼šè‡ªåŠ¨è¿›è¡Œå­˜å‚¨
    TORCHMODEL = "torchæ¨¡å‹"    # æ¨¡å‹ç±»å‹ä¸éœ€è¦ä¿å­˜åˆ°æœ¬åœ°ï¼Œç›´æ¥è¿”å›ååç«¯ä»£ç ä¼šè‡ªåŠ¨è¿›è¡Œå­˜å‚¨
    IMAGE = "å›¾ç‰‡"

class PortDefinition(BaseModel):
    """ç«¯å£å®šä¹‰"""
    name: str
    label: str
    type: ArgumentType = ArgumentType.TEXT

## ç»„ä»¶å±æ€§å‚æ•°å®šä¹‰ä»£ç 
class PropertyType(str, Enum):
    """å±æ€§ç±»å‹"""
    TEXT = "æ–‡æœ¬"
    LONGTEXT = "é•¿æ–‡æœ¬"
    INT = "æ•´æ•°"
    FLOAT = "æµ®ç‚¹æ•°"
    RANGE = "èŒƒå›´"
    BOOL = "å¤é€‰æ¡†"
    CHOICE = "ä¸‹æ‹‰æ¡†"
    DYNAMICFORM = "åŠ¨æ€è¡¨å•"


class PropertyDefinition(BaseModel):
    """å±æ€§å®šä¹‰"""
    type: PropertyType = PropertyType.TEXT
    default: Any = ""
    label: str = ""
    choices: List[str] = Field(default_factory=list)
    filter: str = "All Files (*)"  # ç”¨äºæ–‡ä»¶ç±»å‹è¿‡æ»¤
    schema: Optional[Dict[str, 'PropertyDefinition']] = Field(default=None)  # è¡¨å•å†…æ¯ä¸ªå­—æ®µçš„å®šä¹‰
    min: float = Field(default=0.0, description="æœ€å°å€¼")
    max: float = Field(default=100.0, description="æœ€å¤§å€¼")
    step: float = Field(default=1.0, description="æ­¥é•¿")

    class Config:
        # å…è®¸é€’å½’å¼•ç”¨
        arbitrary_types_allowed = True

## æˆ‘çš„ç»„ä»¶æ ·ä¾‹ä»£ç 
class Component(BaseComponent):
    name = "æç¤ºè¯æ¨¡æ¿"
    category = "å¤§æ¨¡å‹ç»„ä»¶"
    description = ""
    requirements = ""

    inputs = [
        PortDefinition(name="variables", label="å˜é‡å­—å…¸", type=ArgumentType.JSON),
    ]
    outputs = [
        PortDefinition(name="prompt", label="ç”Ÿæˆçš„æç¤ºè¯", type=ArgumentType.TEXT),
    ]

    properties = {
        "template": PropertyDefinition(
            type=PropertyType.LONGTEXT,
            default="""ä½ å¥½ï¼Œ{{name}}ï¼ä»Šå¤©æ˜¯{{day}}ã€‚""",
            label="æç¤ºè¯æ¨¡æ¿",
        ),
    }

    def run(self, params, inputs = None):
        import re
        self.logger.info(inputs)
        template = params.get("template", "")
        variables = inputs.get("variables", {}) if inputs else {}

        if isinstance(variables, str):
            import json
            try:
                variables = json.loads(variables)
            except:
                variables = {}

        # æ›¿æ¢ {{key}} ä¸ºå˜é‡å€¼
        def replace_match(match):
            key = match.group(1)
            return str(variables.get(key, match.group(0)))

        prompt = re.sub(r"\{\{(\w+)\}\}", replace_match, template)
        self.logger.info(prompt)
        
        return {"prompt": prompt}

## ç»„ä»¶å¼€å‘éœ€æ±‚
æˆ‘çš„éœ€æ±‚æ˜¯å¼€å‘ä¸€ä¸ªé€»è¾‘å›å½’ç»„ä»¶

## ç»„ä»¶è¾“å…¥å‚æ•°
è¾“å…¥æ˜¯ä¸¤ä¸ªcsvï¼Œä¸€ä¸ªæ˜¯featureï¼Œä¸€ä¸ªæ˜¯target

## ç»„ä»¶è¾“å‡ºå‚æ•°
è¾“å‡ºæ˜¯targeté¢„æµ‹ç»“æœå’Œæ¨¡å‹

## ä»£ç è¾“å‡ºè¦æ±‚
è¾“å‡ºä»£ç ä¸éœ€è¦åŒ…å«è¾“å…¥ã€è¾“å‡ºä»¥åŠå±æ€§å‚æ•°å®šä¹‰ä»£ç ï¼Œè¿™éƒ¨åˆ†å·²ç»å†™å¥½äº†ï¼ŒåŒæ—¶ç¬¬ä¸‰æ–¹å·¥å…·åŒ…å¯¼å…¥æ—¶åªèƒ½åœ¨å‡½æ•°å†…å¯¼å…¥ï¼Œä¸èƒ½åœ¨æ–‡ä»¶å¼€å¤´å¯¼å…¥ï¼Œä¸è¦å¼•å…¥Dictï¼ŒListè¿™äº›å‚æ•°æ ¼å¼å®šä¹‰ã€‚

## ç”Ÿæˆçš„ç»„ä»¶ä»£ç 
[0m
[32m2025-10-11 20:17:40.652[0m | [32m[1mSUCCESS [0m | [36m__main__[0m:[36msuccess[0m:[36m27[0m - [32m[1mæ‰§è¡Œå®Œæˆ[0m
[0m
[32m2025-10-11 20:17:40.700[0m | [1mINFO    [0m | [36m__main__[0m:[36mrun_workflow[0m:[36m117[0m - [1må·¥ä½œæµæ‰§è¡ŒæˆåŠŸï¼Œç»“æœï¼š{'prompt': '##  ä»»åŠ¡\næ ¹æ®æˆ‘çš„ç»„ä»¶è¾“å…¥ã€è¾“å‡ºã€èŠ‚ç‚¹å‚æ•°å®šä¹‰ä»¥åŠæˆ‘çš„æ ·ä¾‹ä»£ç ã€éœ€æ±‚ç­‰ä¿¡æ¯è‡ªåŠ¨ç”Ÿæˆå®Œæ•´çš„pythonç»„ä»¶ä»£ç \n\n## ç»„ä»¶è¾“å…¥è¾“å‡ºå‚æ•°å®šä¹‰ä»£ç \nclass ArgumentType(str, Enum):\n    """å‚æ•°ç±»å‹"""\n    TEXT = "æ–‡æœ¬"\n    INT = "æ•´æ•°"\n    FLOAT = "æµ®ç‚¹æ•°"\n    BOOL = "å¸ƒå°”å€¼"\n    ARRAY = "åˆ—è¡¨"\n    CSV = "csv"\n    JSON = "json"\n    EXCEL = "excel"\n    FILE = "æ–‡ä»¶"\n    UPLOAD = "ä¸Šä¼ "\n    SKLEARNMODEL = "sklearnæ¨¡å‹"    # æ¨¡å‹ç±»å‹ä¸éœ€è¦ä¿å­˜åˆ°æœ¬åœ°ï¼Œç›´æ¥è¿”å›ååç«¯ä»£ç ä¼šè‡ªåŠ¨è¿›è¡Œå­˜å‚¨\n    TORCHMODEL = "torchæ¨¡å‹"    # æ¨¡å‹ç±»å‹ä¸éœ€è¦ä¿å­˜åˆ°æœ¬åœ°ï¼Œç›´æ¥è¿”å›ååç«¯ä»£ç ä¼šè‡ªåŠ¨è¿›è¡Œå­˜å‚¨\n    IMAGE = "å›¾ç‰‡"\n\nclass PortDefinition(BaseModel):\n    """ç«¯å£å®šä¹‰"""\n    name: str\n    label: str\n    type: ArgumentType = ArgumentType.TEXT\n\n## ç»„ä»¶å±æ€§å‚æ•°å®šä¹‰ä»£ç \nclass PropertyType(str, Enum):\n    """å±æ€§ç±»å‹"""\n    TEXT = "æ–‡æœ¬"\n    LONGTEXT = "é•¿æ–‡æœ¬"\n    INT = "æ•´æ•°"\n    FLOAT = "æµ®ç‚¹æ•°"\n    RANGE = "èŒƒå›´"\n    BOOL = "å¤é€‰æ¡†"\n    CHOICE = "ä¸‹æ‹‰æ¡†"\n    DYNAMICFORM = "åŠ¨æ€è¡¨å•"\n\n\nclass PropertyDefinition(BaseModel):\n    """å±æ€§å®šä¹‰"""\n    type: PropertyType = PropertyType.TEXT\n    default: Any = ""\n    label: str = ""\n    choices: List[str] = Field(default_factory=list)\n    filter: str = "All Files (*)"  # ç”¨äºæ–‡ä»¶ç±»å‹è¿‡æ»¤\n    schema: Optional[Dict[str, \'PropertyDefinition\']] = Field(default=None)  # è¡¨å•å†…æ¯ä¸ªå­—æ®µçš„å®šä¹‰\n    min: float = Field(default=0.0, description="æœ€å°å€¼")\n    max: float = Field(default=100.0, description="æœ€å¤§å€¼")\n    step: float = Field(default=1.0, description="æ­¥é•¿")\n\n    class Config:\n        # å…è®¸é€’å½’å¼•ç”¨\n        arbitrary_types_allowed = True\n\n## æˆ‘çš„ç»„ä»¶æ ·ä¾‹ä»£ç \nclass Component(BaseComponent):\n    name = "æç¤ºè¯æ¨¡æ¿"\n    category = "å¤§æ¨¡å‹ç»„ä»¶"\n    description = ""\n    requirements = ""\n\n    inputs = [\n        PortDefinition(name="variables", label="å˜é‡å­—å…¸", type=ArgumentType.JSON),\n    ]\n    outputs = [\n        PortDefinition(name="prompt", label="ç”Ÿæˆçš„æç¤ºè¯", type=ArgumentType.TEXT),\n    ]\n\n    properties = {\n        "template": PropertyDefinition(\n            type=PropertyType.LONGTEXT,\n            default="""ä½ å¥½ï¼Œ{{name}}ï¼ä»Šå¤©æ˜¯{{day}}ã€‚""",\n            label="æç¤ºè¯æ¨¡æ¿",\n        ),\n    }\n\n    def run(self, params, inputs = None):\n        import re\n        self.logger.info(inputs)\n        template = params.get("template", "")\n        variables = inputs.get("variables", {}) if inputs else {}\n\n        if isinstance(variables, str):\n            import json\n            try:\n                variables = json.loads(variables)\n            except:\n                variables = {}\n\n        # æ›¿æ¢ {{key}} ä¸ºå˜é‡å€¼\n        def replace_match(match):\n            key = match.group(1)\n            return str(variables.get(key, match.group(0)))\n\n        prompt = re.sub(r"\\{\\{(\\w+)\\}\\}", replace_match, template)\n        self.logger.info(prompt)\n        \n        return {"prompt": prompt}\n\n## ç»„ä»¶å¼€å‘éœ€æ±‚\næˆ‘çš„éœ€æ±‚æ˜¯å¼€å‘ä¸€ä¸ªé€»è¾‘å›å½’ç»„ä»¶\n\n## ç»„ä»¶è¾“å…¥å‚æ•°\nè¾“å…¥æ˜¯ä¸¤ä¸ªcsvï¼Œä¸€ä¸ªæ˜¯featureï¼Œä¸€ä¸ªæ˜¯target\n\n## ç»„ä»¶è¾“å‡ºå‚æ•°\nè¾“å‡ºæ˜¯targeté¢„æµ‹ç»“æœå’Œæ¨¡å‹\n\n## ä»£ç è¾“å‡ºè¦æ±‚\nè¾“å‡ºä»£ç ä¸éœ€è¦åŒ…å«è¾“å…¥ã€è¾“å‡ºä»¥åŠå±æ€§å‚æ•°å®šä¹‰ä»£ç ï¼Œè¿™éƒ¨åˆ†å·²ç»å†™å¥½äº†ï¼ŒåŒæ—¶ç¬¬ä¸‰æ–¹å·¥å…·åŒ…å¯¼å…¥æ—¶åªèƒ½åœ¨å‡½æ•°å†…å¯¼å…¥ï¼Œä¸èƒ½åœ¨æ–‡ä»¶å¼€å¤´å¯¼å…¥ï¼Œä¸è¦å¼•å…¥Dictï¼ŒListè¿™äº›å‚æ•°æ ¼å¼å®šä¹‰ã€‚\n\n## ç”Ÿæˆçš„ç»„ä»¶ä»£ç \n'}[0m
INFO:     127.0.0.1:54626 - "POST /run HTTP/1.1" 200 OK
