
[32m2025-10-04 20:24:49.393[0m | [1mINFO    [0m | [36mrunner.workflow_runner[0m:[36mexecute_workflow[0m:[36m125[0m - [1mæ‰§è¡ŒèŠ‚ç‚¹: æ–‡æ¡£ä¸Šä¼ [0m
[32m2025-10-04 20:24:50.040[0m | [1mINFO    [0m | [36mrunner.workflow_runner[0m:[36mexecute_workflow[0m:[36m133[0m - [1mèŠ‚ç‚¹æ‰§è¡Œå®Œæˆ: æ–‡æ¡£ä¸Šä¼ [0m
[32m2025-10-04 20:24:50.040[0m | [1mINFO    [0m | [36mrunner.workflow_runner[0m:[36mexecute_workflow[0m:[36m125[0m - [1mæ‰§è¡ŒèŠ‚ç‚¹: CSV è¯»å–å™¨[0m
[32m2025-10-04 20:24:50.701[0m | [1mINFO    [0m | [36mrunner.workflow_runner[0m:[36mexecute_workflow[0m:[36m133[0m - [1mèŠ‚ç‚¹æ‰§è¡Œå®Œæˆ: CSV è¯»å–å™¨[0m
[32m2025-10-04 20:24:50.701[0m | [1mINFO    [0m | [36mrunner.workflow_runner[0m:[36mexecute_workflow[0m:[36m125[0m - [1mæ‰§è¡ŒèŠ‚ç‚¹: é€»è¾‘å›å½’æ¨ç†[0m
[32m2025-10-04 20:24:51.904[0m | [1mINFO    [0m | [36mrunner.workflow_runner[0m:[36mexecute_workflow[0m:[36m133[0m - [1mèŠ‚ç‚¹æ‰§è¡Œå®Œæˆ: é€»è¾‘å›å½’æ¨ç†[0m
[32m2025-10-04 20:24:51.904[0m | [1mINFO    [0m | [36m__main__[0m:[36m<module>[0m:[36m15[0m - [1mæ¨¡å‹æ‰§è¡Œå®Œæˆï¼Œè¾“å‡º:[0m
[32m2025-10-04 20:24:51.904[0m | [1mINFO    [0m | [36m__main__[0m:[36m<module>[0m:[36m17[0m - [1m  41ab670b-22b6-42e3-9c06-d64cdfbb5e7d: {'value': [0, 0, 0, 0, 0, 0, 0, 0, 0, 0, 0, 0, 0, 0, 0, 0, 0, 0, 0, 0, 0, 0, 0, 0, 0, 0, 0, 0, 0, 0, 0, 0, 0, 0, 0, 0, 0, 0, 0, 0, 0, 0, 0, 0, 0, 0, 0, 0, 0, 0, 1, 1, 1, 1, 1, 1, 1, 1, 1, 1, 1, 1, 1, 1, 1, 1, 2, 1, 1, 1, 2, 1, 1, 1, 1, 1, 1, 1, 1, 1, 1, 1, 1, 2, 2, 2, 1, 1, 1, 1, 1, 1, 1, 1, 1, 1, 1, 1, 1, 1, 2, 2, 2, 2, 2, 2, 2, 2, 2, 2, 2, 2, 2, 2, 2, 2, 2, 2, 2, 2, 2, 2, 2, 2, 2, 2, 2, 2, 2, 1, 2, 2, 2, 2, 2, 2, 2, 2, 2, 2, 2, 2, 2, 2, 2, 2, 2, 2, 2, 2]}[0m
[32m2025-10-04 20:24:51.904[0m | [1mINFO    [0m | [36m__main__[0m:[36m<module>[0m:[36m17[0m - [1m  3f384fef-0bcd-4018-bb55-35562b301a70: {'file': None}[0m
[32m2025-10-04 20:24:51.909[0m | [1mINFO    [0m | [36m__main__[0m:[36m<module>[0m:[36m17[0m - [1m  7838edf1-2f22-4fdc-9e23-6b3b235814c7: {'csv':      150    4  setosa  versicolor  virginica
0    5.1  3.5     1.4         0.2          0
1    4.9  3.0     1.4         0.2          0
2    4.7  3.2     1.3         0.2          0
3    4.6  3.1     1.5         0.2          0
4    5.0  3.6     1.4         0.2          0
..   ...  ...     ...         ...        ...
145  6.7  3.0     5.2         2.3          2
146  6.3  2.5     5.0         1.9          2
147  6.5  3.0     5.2         2.0          2
148  6.2  3.4     5.4         2.3          2
149  5.9  3.0     5.1         1.8          2

[150 rows x 5 columns]}[0m
